# JRE version: OpenJDK Runtime Environment Temurin-21.0.11+10 (21.0.11+10) (build 21.0.11+10-LTS)
# Java VM: OpenJDK 64-Bit Server VM Temurin-21.0.11+10 (21.0.11+10-LTS, mixed mode, sharing, tiered, compressed oops, compressed class ptrs, parallel gc, windows-amd64)
GC Precious Log:
 CardTable entry size: 512
 CPUs: 12 total, 12 available
 Memory: 16095M
 Large Page Support: Disabled
 NUMA Support: Disabled
 Compressed Oops: Enabled (32-bit)
 Alignments: Space 512K, Generation 512K, Heap 2M
 Heap Min Capacity: 100M
 Heap Initial Capacity: 100M
 Heap Max Capacity: 2G
 Pre-touch: Disabled
 Parallel Workers: 10
Heap:
 PSYoungGen      total 3584K, used 3102K [0x00000000d5580000, 0x00000000d5a80000, 0x0000000100000000)
  eden space 3072K, 84% used [0x00000000d5580000,0x00000000d58079c0,0x00000000d5880000)
  from space 512K, 100% used [0x00000000d5980000,0x00000000d5a00000,0x00000000d5a00000)
  to   space 512K, 0% used [0x00000000d5a00000,0x00000000d5a00000,0x00000000d5a80000)
 ParOldGen       total 84992K, used 84857K [0x0000000080000000, 0x0000000085300000, 0x00000000d5580000)
  object space 84992K, 99% used [0x0000000080000000,0x00000000852de7f0,0x0000000085300000)
 Metaspace       used 73162K, committed 74624K, reserved 1179648K
  class space    used 7570K, committed 8192K, reserved 1048576K
GC Heap History (20 events):
Event: 90.364 GC heap before
{Heap before GC invocations=83 (full 3):
 PSYoungGen      total 6144K, used 5936K [0x00000000d5580000, 0x00000000d5c80000, 0x0000000100000000)
  eden space 5120K, 100% used [0x00000000d5580000,0x00000000d5a80000,0x00000000d5a80000)
  from space 1024K, 79% used [0x00000000d5b00000,0x00000000d5bcc010,0x00000000d5c00000)
  to   space 512K, 0% used [0x00000000d5c00000,0x00000000d5c00000,0x00000000d5c80000)
 ParOldGen       total 78848K, used 78337K [0x0000000080000000, 0x0000000084d00000, 0x00000000d5580000)
  object space 78848K, 99% used [0x0000000080000000,0x0000000084c80570,0x0000000084d00000)
 Metaspace       used 72514K, committed 73984K, reserved 1179648K
  class space    used 7535K, committed 8128K, reserved 1048576K
}
Event: 90.367 GC heap after
{Heap after GC invocations=83 (full 3):
 PSYoungGen      total 5632K, used 512K [0x00000000d5580000, 0x00000000d5d80000, 0x0000000100000000)
  eden space 5120K, 0% used [0x00000000d5580000,0x00000000d5580000,0x00000000d5a80000)
  from space 512K, 100% used [0x00000000d5c00000,0x00000000d5c80000,0x00000000d5c80000)
  to   space 1536K, 0% used [0x00000000d5a80000,0x00000000d5a80000,0x00000000d5c00000)
 ParOldGen       total 79360K, used 79105K [0x0000000080000000, 0x0000000084d80000, 0x00000000d5580000)
  object space 79360K, 99% used [0x0000000080000000,0x0000000084d40700,0x0000000084d80000)
 Metaspace       used 72514K, committed 73984K, reserved 1179648K
  class space    used 7535K, committed 8128K, reserved 1048576K
}
Event: 90.482 GC heap before
{Heap before GC invocations=84 (full 3):
 PSYoungGen      total 5632K, used 5632K [0x00000000d5580000, 0x00000000d5d80000, 0x0000000100000000)
  eden space 5120K, 100% used [0x00000000d5580000,0x00000000d5a80000,0x00000000d5a80000)
  from space 512K, 100% used [0x00000000d5c00000,0x00000000d5c80000,0x00000000d5c80000)
  to   space 1536K, 0% used [0x00000000d5a80000,0x00000000d5a80000,0x00000000d5c00000)
 ParOldGen       total 79360K, used 79105K [0x0000000080000000, 0x0000000084d80000, 0x00000000d5580000)
  object space 79360K, 99% used [0x0000000080000000,0x0000000084d40700,0x0000000084d80000)
 Metaspace       used 72621K, committed 74048K, reserved 1179648K
  class space    used 7535K, committed 8128K, reserved 1048576K
}
Event: 90.485 GC heap after
{Heap after GC invocations=84 (full 3):
 PSYoungGen      total 6144K, used 768K [0x00000000d5580000, 0x00000000d5c80000, 0x0000000100000000)
  eden space 5120K, 0% used [0x00000000d5580000,0x00000000d5580000,0x00000000d5a80000)
  from space 1024K, 75% used [0x00000000d5a80000,0x00000000d5b40000,0x00000000d5b80000)
  to   space 1024K, 0% used [0x00000000d5b80000,0x00000000d5b80000,0x00000000d5c80000)
 ParOldGen       total 79872K, used 79605K [0x0000000080000000, 0x0000000084e00000, 0x00000000d5580000)
  object space 79872K, 99% used [0x0000000080000000,0x0000000084dbd750,0x0000000084e00000)
 Metaspace       used 72621K, committed 74048K, reserved 1179648K
  class space    used 7535K, committed 8128K, reserved 1048576K
}
Event: 90.623 GC heap before
{Heap before GC invocations=85 (full 3):
 PSYoungGen      total 6144K, used 5888K [0x00000000d5580000, 0x00000000d5c80000, 0x0000000100000000)
  eden space 5120K, 100% used [0x00000000d5580000,0x00000000d5a80000,0x00000000d5a80000)
  from space 1024K, 75% used [0x00000000d5a80000,0x00000000d5b40000,0x00000000d5b80000)
  to   space 1024K, 0% used [0x00000000d5b80000,0x00000000d5b80000,0x00000000d5c80000)
 ParOldGen       total 79872K, used 79605K [0x0000000080000000, 0x0000000084e00000, 0x00000000d5580000)
  object space 79872K, 99% used [0x0000000080000000,0x0000000084dbd750,0x0000000084e00000)
 Metaspace       used 72720K, committed 74176K, reserved 1179648K
  class space    used 7537K, committed 8128K, reserved 1048576K
}
Event: 90.625 GC heap after
{Heap after GC invocations=85 (full 3):
 PSYoungGen      total 6144K, used 800K [0x00000000d5580000, 0x00000000d5c80000, 0x0000000100000000)
  eden space 5120K, 0% used [0x00000000d5580000,0x00000000d5580000,0x00000000d5a80000)
  from space 1024K, 78% used [0x00000000d5b80000,0x00000000d5c48000,0x00000000d5c80000)
  to   space 1024K, 0% used [0x00000000d5a80000,0x00000000d5a80000,0x00000000d5b80000)
 ParOldGen       total 80384K, used 80161K [0x0000000080000000, 0x0000000084e80000, 0x00000000d5580000)
  object space 80384K, 99% used [0x0000000080000000,0x0000000084e48780,0x0000000084e80000)
 Metaspace       used 72720K, committed 74176K, reserved 1179648K
  class space    used 7537K, committed 8128K, reserved 1048576K
}
Event: 90.863 GC heap before
{Heap before GC invocations=86 (full 3):
 PSYoungGen      total 6144K, used 5920K [0x00000000d5580000, 0x00000000d5c80000, 0x0000000100000000)
  eden space 5120K, 100% used [0x00000000d5580000,0x00000000d5a80000,0x00000000d5a80000)
  from space 1024K, 78% used [0x00000000d5b80000,0x00000000d5c48000,0x00000000d5c80000)
  to   space 1024K, 0% used [0x00000000d5a80000,0x00000000d5a80000,0x00000000d5b80000)
 ParOldGen       total 80384K, used 80161K [0x0000000080000000, 0x0000000084e80000, 0x00000000d5580000)
  object space 80384K, 99% used [0x0000000080000000,0x0000000084e48780,0x0000000084e80000)
 Metaspace       used 72856K, committed 74304K, reserved 1179648K
  class space    used 7537K, committed 8128K, reserved 1048576K
}
Event: 90.865 GC heap after
{Heap after GC invocations=86 (full 3):
 PSYoungGen      total 6144K, used 960K [0x00000000d5580000, 0x00000000d5c80000, 0x0000000100000000)
  eden space 5120K, 0% used [0x00000000d5580000,0x00000000d5580000,0x00000000d5a80000)
  from space 1024K, 93% used [0x00000000d5a80000,0x00000000d5b70000,0x00000000d5b80000)
  to   space 1024K, 0% used [0x00000000d5b80000,0x00000000d5b80000,0x00000000d5c80000)
 ParOldGen       total 80896K, used 80825K [0x0000000080000000, 0x0000000084f00000, 0x00000000d5580000)
  object space 80896K, 99% used [0x0000000080000000,0x0000000084eee7c0,0x0000000084f00000)
 Metaspace       used 72856K, committed 74304K, reserved 1179648K
  class space    used 7537K, committed 8128K, reserved 1048576K
}
Event: 90.915 GC heap before
{Heap before GC invocations=87 (full 3):
 PSYoungGen      total 6144K, used 6080K [0x00000000d5580000, 0x00000000d5c80000, 0x0000000100000000)
  eden space 5120K, 100% used [0x00000000d5580000,0x00000000d5a80000,0x00000000d5a80000)
  from space 1024K, 93% used [0x00000000d5a80000,0x00000000d5b70000,0x00000000d5b80000)
  to   space 1024K, 0% used [0x00000000d5b80000,0x00000000d5b80000,0x00000000d5c80000)
 ParOldGen       total 80896K, used 80825K [0x0000000080000000, 0x0000000084f00000, 0x00000000d5580000)
  object space 80896K, 99% used [0x0000000080000000,0x0000000084eee7c0,0x0000000084f00000)
 Metaspace       used 72902K, committed 74304K, reserved 1179648K
  class space    used 7541K, committed 8128K, reserved 1048576K
}
Event: 90.921 GC heap after
{Heap after GC invocations=87 (full 3):
 PSYoungGen      total 1536K, used 1006K [0x00000000d5580000, 0x00000000d6580000, 0x0000000100000000)
  eden space 512K, 0% used [0x00000000d5580000,0x00000000d5580000,0x00000000d5600000)
  from space 1024K, 98% used [0x00000000d5b80000,0x00000000d5c7bbb0,0x00000000d5c80000)
  to   space 5632K, 0% used [0x00000000d5600000,0x00000000d5600000,0x00000000d5b80000)
 ParOldGen       total 84480K, used 84417K [0x0000000080000000, 0x0000000085280000, 0x00000000d5580000)
  object space 84480K, 99% used [0x0000000080000000,0x00000000852707c0,0x0000000085280000)
 Metaspace       used 72902K, committed 74304K, reserved 1179648K
  class space    used 7541K, committed 8128K, reserved 1048576K
}
Event: 90.933 GC heap before
{Heap before GC invocations=88 (full 3):
 PSYoungGen      total 1536K, used 1518K [0x00000000d5580000, 0x00000000d6580000, 0x0000000100000000)
  eden space 512K, 99% used [0x00000000d5580000,0x00000000d55fffd8,0x00000000d5600000)
  from space 1024K, 98% used [0x00000000d5b80000,0x00000000d5c7bbb0,0x00000000d5c80000)
  to   space 5632K, 0% used [0x00000000d5600000,0x00000000d5600000,0x00000000d5b80000)
 ParOldGen       total 84480K, used 84417K [0x0000000080000000, 0x0000000085280000, 0x00000000d5580000)
  object space 84480K, 99% used [0x0000000080000000,0x00000000852707c0,0x0000000085280000)
 Metaspace       used 72934K, committed 74368K, reserved 1179648K
  class space    used 7542K, committed 8128K, reserved 1048576K
}
Event: 90.934 GC heap after
{Heap after GC invocations=88 (full 3):
 PSYoungGen      total 1024K, used 224K [0x00000000d5580000, 0x00000000d5c00000, 0x0000000100000000)
  eden space 512K, 0% used [0x00000000d5580000,0x00000000d5580000,0x00000000d5600000)
  from space 512K, 43% used [0x00000000d5600000,0x00000000d5638000,0x00000000d5680000)
  to   space 2048K, 0% used [0x00000000d5a00000,0x00000000d5a00000,0x00000000d5c00000)
 ParOldGen       total 84992K, used 84553K [0x0000000080000000, 0x0000000085300000, 0x00000000d5580000)
  object space 84992K, 99% used [0x0000000080000000,0x00000000852927f0,0x0000000085300000)
 Metaspace       used 72934K, committed 74368K, reserved 1179648K
  class space    used 7542K, committed 8128K, reserved 1048576K
}
Event: 90.972 GC heap before
{Heap before GC invocations=89 (full 3):
 PSYoungGen      total 1024K, used 736K [0x00000000d5580000, 0x00000000d5c00000, 0x0000000100000000)
  eden space 512K, 100% used [0x00000000d5580000,0x00000000d5600000,0x00000000d5600000)
  from space 512K, 43% used [0x00000000d5600000,0x00000000d5638000,0x00000000d5680000)
  to   space 2048K, 0% used [0x00000000d5a00000,0x00000000d5a00000,0x00000000d5c00000)
 ParOldGen       total 84992K, used 84553K [0x0000000080000000, 0x0000000085300000, 0x00000000d5580000)
  object space 84992K, 99% used [0x0000000080000000,0x00000000852927f0,0x0000000085300000)
 Metaspace       used 72993K, committed 74432K, reserved 1179648K
  class space    used 7549K, committed 8128K, reserved 1048576K
}
Event: 90.973 GC heap after
{Heap after GC invocations=89 (full 3):
 PSYoungGen      total 1024K, used 288K [0x00000000d5580000, 0x00000000d5a80000, 0x0000000100000000)
  eden space 512K, 0% used [0x00000000d5580000,0x00000000d5580000,0x00000000d5600000)
  from space 512K, 56% used [0x00000000d5a00000,0x00000000d5a48000,0x00000000d5a80000)
  to   space 1024K, 0% used [0x00000000d5880000,0x00000000d5880000,0x00000000d5980000)
 ParOldGen       total 84992K, used 84617K [0x0000000080000000, 0x0000000085300000, 0x00000000d5580000)
  object space 84992K, 99% used [0x0000000080000000,0x00000000852a27f0,0x0000000085300000)
 Metaspace       used 72993K, committed 74432K, reserved 1179648K
  class space    used 7549K, committed 8128K, reserved 1048576K
}
Event: 90.996 GC heap before
{Heap before GC invocations=90 (full 3):
 PSYoungGen      total 1024K, used 800K [0x00000000d5580000, 0x00000000d5a80000, 0x0000000100000000)
  eden space 512K, 100% used [0x00000000d5580000,0x00000000d5600000,0x00000000d5600000)
  from space 512K, 56% used [0x00000000d5a00000,0x00000000d5a48000,0x00000000d5a80000)
  to   space 1024K, 0% used [0x00000000d5880000,0x00000000d5880000,0x00000000d5980000)
 ParOldGen       total 84992K, used 84617K [0x0000000080000000, 0x0000000085300000, 0x00000000d5580000)
  object space 84992K, 99% used [0x0000000080000000,0x00000000852a27f0,0x0000000085300000)
 Metaspace       used 73019K, committed 74496K, reserved 1179648K
  class space    used 7558K, committed 8192K, reserved 1048576K
}
Event: 90.997 GC heap after
{Heap after GC invocations=90 (full 3):
 PSYoungGen      total 4096K, used 320K [0x00000000d5580000, 0x00000000d5a80000, 0x0000000100000000)
  eden space 3072K, 0% used [0x00000000d5580000,0x00000000d5580000,0x00000000d5880000)
  from space 1024K, 31% used [0x00000000d5880000,0x00000000d58d0000,0x00000000d5980000)
  to   space 512K, 0% used [0x00000000d5a00000,0x00000000d5a00000,0x00000000d5a80000)
 ParOldGen       total 84992K, used 84689K [0x0000000080000000, 0x0000000085300000, 0x00000000d5580000)
  object space 84992K, 99% used [0x0000000080000000,0x00000000852b47f0,0x0000000085300000)
 Metaspace       used 73019K, committed 74496K, reserved 1179648K
  class space    used 7558K, committed 8192K, reserved 1048576K
}
Event: 91.196 GC heap before
{Heap before GC invocations=91 (full 3):
 PSYoungGen      total 4096K, used 3392K [0x00000000d5580000, 0x00000000d5a80000, 0x0000000100000000)
  eden space 3072K, 100% used [0x00000000d5580000,0x00000000d5880000,0x00000000d5880000)
  from space 1024K, 31% used [0x00000000d5880000,0x00000000d58d0000,0x00000000d5980000)
  to   space 512K, 0% used [0x00000000d5a00000,0x00000000d5a00000,0x00000000d5a80000)
 ParOldGen       total 84992K, used 84689K [0x0000000080000000, 0x0000000085300000, 0x00000000d5580000)
  object space 84992K, 99% used [0x0000000080000000,0x00000000852b47f0,0x0000000085300000)
 Metaspace       used 73081K, committed 74624K, reserved 1179648K
  class space    used 7562K, committed 8192K, reserved 1048576K
}
Event: 91.198 GC heap after
{Heap after GC invocations=91 (full 3):
 PSYoungGen      total 3584K, used 256K [0x00000000d5580000, 0x00000000d5a80000, 0x0000000100000000)
  eden space 3072K, 0% used [0x00000000d5580000,0x00000000d5580000,0x00000000d5880000)
  from space 512K, 50% used [0x00000000d5a00000,0x00000000d5a40000,0x00000000d5a80000)
  to   space 512K, 0% used [0x00000000d5980000,0x00000000d5980000,0x00000000d5a00000)
 ParOldGen       total 84992K, used 84753K [0x0000000080000000, 0x0000000085300000, 0x00000000d5580000)
  object space 84992K, 99% used [0x0000000080000000,0x00000000852c47f0,0x0000000085300000)
 Metaspace       used 73081K, committed 74624K, reserved 1179648K
  class space    used 7562K, committed 8192K, reserved 1048576K
}
Event: 92.857 GC heap before
{Heap before GC invocations=92 (full 3):
 PSYoungGen      total 3584K, used 3328K [0x00000000d5580000, 0x00000000d5a80000, 0x0000000100000000)
  eden space 3072K, 100% used [0x00000000d5580000,0x00000000d5880000,0x00000000d5880000)
  from space 512K, 50% used [0x00000000d5a00000,0x00000000d5a40000,0x00000000d5a80000)
  to   space 512K, 0% used [0x00000000d5980000,0x00000000d5980000,0x00000000d5a00000)
 ParOldGen       total 84992K, used 84753K [0x0000000080000000, 0x0000000085300000, 0x00000000d5580000)
  object space 84992K, 99% used [0x0000000080000000,0x00000000852c47f0,0x0000000085300000)
 Metaspace       used 73128K, committed 74624K, reserved 1179648K
  class space    used 7564K, committed 8192K, reserved 1048576K
}
Event: 92.859 GC heap after
{Heap after GC invocations=92 (full 3):
 PSYoungGen      total 3584K, used 512K [0x00000000d5580000, 0x00000000d5a80000, 0x0000000100000000)
  eden space 3072K, 0% used [0x00000000d5580000,0x00000000d5580000,0x00000000d5880000)
  from space 512K, 100% used [0x00000000d5980000,0x00000000d5a00000,0x00000000d5a00000)
  to   space 512K, 0% used [0x00000000d5a00000,0x00000000d5a00000,0x00000000d5a80000)
 ParOldGen       total 84992K, used 84857K [0x0000000080000000, 0x0000000085300000, 0x00000000d5580000)
  object space 84992K, 99% used [0x0000000080000000,0x00000000852de7f0,0x0000000085300000)
 Metaspace       used 73128K, committed 74624K, reserved 1179648K
  class space    used 7564K, committed 8192K, reserved 1048576K
}

