# JRE version: OpenJDK Runtime Environment Temurin-21.0.9+10 (21.0.9+10) (build 21.0.9+10-LTS)
# Java VM: OpenJDK 64-Bit Server VM Temurin-21.0.9+10 (21.0.9+10-LTS, mixed mode, sharing, tiered, compressed oops, compressed class ptrs, parallel gc, windows-amd64)
GC Precious Log:
 CardTable entry size: 512
 CPUs: 12 total, 12 available
 Memory: 16095M
 Large Page Support: Disabled
 NUMA Support: Disabled
 Compressed Oops: Enabled (32-bit)
 Alignments: Space 512K, Generation 512K, Heap 2M
 Heap Min Capacity: 100M
 Heap Initial Capacity: 100M
 Heap Max Capacity: 2G
 Pre-touch: Disabled
 Parallel Workers: 10
Heap:
 PSYoungGen      total 2560K, used 1499K [0x00000000d5580000, 0x00000000d5980000, 0x0000000100000000)
  eden space 2048K, 60% used [0x00000000d5580000,0x00000000d56b6f08,0x00000000d5780000)
  from space 512K, 50% used [0x00000000d5900000,0x00000000d5940000,0x00000000d5980000)
  to   space 512K, 0% used [0x00000000d5880000,0x00000000d5880000,0x00000000d5900000)
 ParOldGen       total 267776K, used 267579K [0x0000000080000000, 0x0000000090580000, 0x00000000d5580000)
  object space 267776K, 99% used [0x0000000080000000,0x000000009054ef28,0x0000000090580000)
 Metaspace       used 76082K, committed 77760K, reserved 1179648K
  class space    used 7943K, committed 8640K, reserved 1048576K
GC Heap History (20 events):
Event: 2904.141 GC heap before
{Heap before GC invocations=290 (full 3):
 PSYoungGen      total 3072K, used 2752K [0x00000000d5580000, 0x00000000d5a00000, 0x0000000100000000)
  eden space 1536K, 100% used [0x00000000d5580000,0x00000000d5700000,0x00000000d5700000)
  from space 1536K, 79% used [0x00000000d5880000,0x00000000d59b0000,0x00000000d5a00000)
  to   space 1536K, 0% used [0x00000000d5700000,0x00000000d5700000,0x00000000d5880000)
 ParOldGen       total 260608K, used 260584K [0x0000000080000000, 0x000000008fe80000, 0x00000000d5580000)
  object space 260608K, 99% used [0x0000000080000000,0x000000008fe7a038,0x000000008fe80000)
 Metaspace       used 76026K, committed 77696K, reserved 1179648K
  class space    used 7943K, committed 8640K, reserved 1048576K
}
Event: 2904.145 GC heap after
{Heap after GC invocations=290 (full 3):
 PSYoungGen      total 3072K, used 950K [0x00000000d5580000, 0x00000000d5a80000, 0x0000000100000000)
  eden space 1536K, 0% used [0x00000000d5580000,0x00000000d5580000,0x00000000d5700000)
  from space 1536K, 61% used [0x00000000d5700000,0x00000000d57edb00,0x00000000d5880000)
  to   space 1536K, 0% used [0x00000000d5900000,0x00000000d5900000,0x00000000d5a80000)
 ParOldGen       total 261632K, used 261624K [0x0000000080000000, 0x000000008ff80000, 0x00000000d5580000)
  object space 261632K, 99% used [0x0000000080000000,0x000000008ff7e038,0x000000008ff80000)
 Metaspace       used 76026K, committed 77696K, reserved 1179648K
  class space    used 7943K, committed 8640K, reserved 1048576K
}
Event: 2904.164 GC heap before
{Heap before GC invocations=291 (full 3):
 PSYoungGen      total 3072K, used 2486K [0x00000000d5580000, 0x00000000d5a80000, 0x0000000100000000)
  eden space 1536K, 100% used [0x00000000d5580000,0x00000000d5700000,0x00000000d5700000)
  from space 1536K, 61% used [0x00000000d5700000,0x00000000d57edb00,0x00000000d5880000)
  to   space 1536K, 0% used [0x00000000d5900000,0x00000000d5900000,0x00000000d5a80000)
 ParOldGen       total 261632K, used 261624K [0x0000000080000000, 0x000000008ff80000, 0x00000000d5580000)
  object space 261632K, 99% used [0x0000000080000000,0x000000008ff7e038,0x000000008ff80000)
 Metaspace       used 76026K, committed 77696K, reserved 1179648K
  class space    used 7943K, committed 8640K, reserved 1048576K
}
Event: 2904.167 GC heap after
{Heap after GC invocations=291 (full 3):
 PSYoungGen      total 2560K, used 1523K [0x00000000d5580000, 0x00000000d5c80000, 0x0000000100000000)
  eden space 1024K, 0% used [0x00000000d5580000,0x00000000d5580000,0x00000000d5680000)
  from space 1536K, 99% used [0x00000000d5900000,0x00000000d5a7cee0,0x00000000d5a80000)
  to   space 2560K, 0% used [0x00000000d5680000,0x00000000d5680000,0x00000000d5900000)
 ParOldGen       total 262656K, used 262216K [0x0000000080000000, 0x0000000090080000, 0x00000000d5580000)
  object space 262656K, 99% used [0x0000000080000000,0x0000000090012048,0x0000000090080000)
 Metaspace       used 76026K, committed 77696K, reserved 1179648K
  class space    used 7943K, committed 8640K, reserved 1048576K
}
Event: 2904.172 GC heap before
{Heap before GC invocations=292 (full 3):
 PSYoungGen      total 2560K, used 2547K [0x00000000d5580000, 0x00000000d5c80000, 0x0000000100000000)
  eden space 1024K, 100% used [0x00000000d5580000,0x00000000d5680000,0x00000000d5680000)
  from space 1536K, 99% used [0x00000000d5900000,0x00000000d5a7cee0,0x00000000d5a80000)
  to   space 2560K, 0% used [0x00000000d5680000,0x00000000d5680000,0x00000000d5900000)
 ParOldGen       total 262656K, used 262216K [0x0000000080000000, 0x0000000090080000, 0x00000000d5580000)
  object space 262656K, 99% used [0x0000000080000000,0x0000000090012048,0x0000000090080000)
 Metaspace       used 76026K, committed 77696K, reserved 1179648K
  class space    used 7943K, committed 8640K, reserved 1048576K
}
Event: 2904.175 GC heap after
{Heap after GC invocations=292 (full 3):
 PSYoungGen      total 2560K, used 1120K [0x00000000d5580000, 0x00000000d5a00000, 0x0000000100000000)
  eden space 1024K, 0% used [0x00000000d5580000,0x00000000d5580000,0x00000000d5680000)
  from space 1536K, 72% used [0x00000000d5680000,0x00000000d5798000,0x00000000d5800000)
  to   space 1536K, 0% used [0x00000000d5880000,0x00000000d5880000,0x00000000d5a00000)
 ParOldGen       total 264192K, used 263723K [0x0000000080000000, 0x0000000090200000, 0x00000000d5580000)
  object space 264192K, 99% used [0x0000000080000000,0x000000009018af28,0x0000000090200000)
 Metaspace       used 76026K, committed 77696K, reserved 1179648K
  class space    used 7943K, committed 8640K, reserved 1048576K
}
Event: 2904.179 GC heap before
{Heap before GC invocations=293 (full 3):
 PSYoungGen      total 2560K, used 2144K [0x00000000d5580000, 0x00000000d5a00000, 0x0000000100000000)
  eden space 1024K, 100% used [0x00000000d5580000,0x00000000d5680000,0x00000000d5680000)
  from space 1536K, 72% used [0x00000000d5680000,0x00000000d5798000,0x00000000d5800000)
  to   space 1536K, 0% used [0x00000000d5880000,0x00000000d5880000,0x00000000d5a00000)
 ParOldGen       total 264192K, used 263723K [0x0000000080000000, 0x0000000090200000, 0x00000000d5580000)
  object space 264192K, 99% used [0x0000000080000000,0x000000009018af28,0x0000000090200000)
 Metaspace       used 76029K, committed 77696K, reserved 1179648K
  class space    used 7943K, committed 8640K, reserved 1048576K
}
Event: 2904.181 GC heap after
{Heap after GC invocations=293 (full 3):
 PSYoungGen      total 3072K, used 1120K [0x00000000d5580000, 0x00000000d5a00000, 0x0000000100000000)
  eden space 1536K, 0% used [0x00000000d5580000,0x00000000d5580000,0x00000000d5700000)
  from space 1536K, 72% used [0x00000000d5880000,0x00000000d5998000,0x00000000d5a00000)
  to   space 1536K, 0% used [0x00000000d5700000,0x00000000d5700000,0x00000000d5880000)
 ParOldGen       total 265216K, used 264739K [0x0000000080000000, 0x0000000090300000, 0x00000000d5580000)
  object space 265216K, 99% used [0x0000000080000000,0x0000000090288f28,0x0000000090300000)
 Metaspace       used 76029K, committed 77696K, reserved 1179648K
  class space    used 7943K, committed 8640K, reserved 1048576K
}
Event: 2904.189 GC heap before
{Heap before GC invocations=294 (full 3):
 PSYoungGen      total 3072K, used 2532K [0x00000000d5580000, 0x00000000d5a00000, 0x0000000100000000)
  eden space 1536K, 91% used [0x00000000d5580000,0x00000000d56e1248,0x00000000d5700000)
  from space 1536K, 72% used [0x00000000d5880000,0x00000000d5998000,0x00000000d5a00000)
  to   space 1536K, 0% used [0x00000000d5700000,0x00000000d5700000,0x00000000d5880000)
 ParOldGen       total 265216K, used 264739K [0x0000000080000000, 0x0000000090300000, 0x00000000d5580000)
  object space 265216K, 99% used [0x0000000080000000,0x0000000090288f28,0x0000000090300000)
 Metaspace       used 76030K, committed 77696K, reserved 1179648K
  class space    used 7943K, committed 8640K, reserved 1048576K
}
Event: 2904.193 GC heap after
{Heap after GC invocations=294 (full 3):
 PSYoungGen      total 3072K, used 1320K [0x00000000d5580000, 0x00000000d5a80000, 0x0000000100000000)
  eden space 1536K, 0% used [0x00000000d5580000,0x00000000d5580000,0x00000000d5700000)
  from space 1536K, 85% used [0x00000000d5700000,0x00000000d584a000,0x00000000d5880000)
  to   space 1536K, 0% used [0x00000000d5900000,0x00000000d5900000,0x00000000d5a80000)
 ParOldGen       total 265728K, used 265723K [0x0000000080000000, 0x0000000090380000, 0x00000000d5580000)
  object space 265728K, 99% used [0x0000000080000000,0x000000009037ef28,0x0000000090380000)
 Metaspace       used 76030K, committed 77696K, reserved 1179648K
  class space    used 7943K, committed 8640K, reserved 1048576K
}
Event: 2904.439 GC heap before
{Heap before GC invocations=295 (full 3):
 PSYoungGen      total 3072K, used 2856K [0x00000000d5580000, 0x00000000d5a80000, 0x0000000100000000)
  eden space 1536K, 100% used [0x00000000d5580000,0x00000000d5700000,0x00000000d5700000)
  from space 1536K, 85% used [0x00000000d5700000,0x00000000d584a000,0x00000000d5880000)
  to   space 1536K, 0% used [0x00000000d5900000,0x00000000d5900000,0x00000000d5a80000)
 ParOldGen       total 265728K, used 265723K [0x0000000080000000, 0x0000000090380000, 0x00000000d5580000)
  object space 265728K, 99% used [0x0000000080000000,0x000000009037ef28,0x0000000090380000)
 Metaspace       used 76030K, committed 77696K, reserved 1179648K
  class space    used 7943K, committed 8640K, reserved 1048576K
}
Event: 2904.443 GC heap after
{Heap after GC invocations=295 (full 3):
 PSYoungGen      total 3584K, used 928K [0x00000000d5580000, 0x00000000d5a80000, 0x0000000100000000)
  eden space 2048K, 0% used [0x00000000d5580000,0x00000000d5580000,0x00000000d5780000)
  from space 1536K, 60% used [0x00000000d5900000,0x00000000d59e8010,0x00000000d5a80000)
  to   space 1536K, 0% used [0x00000000d5780000,0x00000000d5780000,0x00000000d5900000)
 ParOldGen       total 267264K, used 266787K [0x0000000080000000, 0x0000000090500000, 0x00000000d5580000)
  object space 267264K, 99% used [0x0000000080000000,0x0000000090488f28,0x0000000090500000)
 Metaspace       used 76030K, committed 77696K, reserved 1179648K
  class space    used 7943K, committed 8640K, reserved 1048576K
}
Event: 2904.452 GC heap before
{Heap before GC invocations=296 (full 3):
 PSYoungGen      total 3584K, used 2976K [0x00000000d5580000, 0x00000000d5a80000, 0x0000000100000000)
  eden space 2048K, 100% used [0x00000000d5580000,0x00000000d5780000,0x00000000d5780000)
  from space 1536K, 60% used [0x00000000d5900000,0x00000000d59e8010,0x00000000d5a80000)
  to   space 1536K, 0% used [0x00000000d5780000,0x00000000d5780000,0x00000000d5900000)
 ParOldGen       total 267264K, used 266787K [0x0000000080000000, 0x0000000090500000, 0x00000000d5580000)
  object space 267264K, 99% used [0x0000000080000000,0x0000000090488f28,0x0000000090500000)
 Metaspace       used 76035K, committed 77696K, reserved 1179648K
  class space    used 7943K, committed 8640K, reserved 1048576K
}
Event: 2904.455 GC heap after
{Heap after GC invocations=296 (full 3):
 PSYoungGen      total 3584K, used 288K [0x00000000d5580000, 0x00000000d5a00000, 0x0000000100000000)
  eden space 2048K, 0% used [0x00000000d5580000,0x00000000d5580000,0x00000000d5780000)
  from space 1536K, 18% used [0x00000000d5780000,0x00000000d57c8000,0x00000000d5900000)
  to   space 1024K, 0% used [0x00000000d5900000,0x00000000d5900000,0x00000000d5a00000)
 ParOldGen       total 267776K, used 267427K [0x0000000080000000, 0x0000000090580000, 0x00000000d5580000)
  object space 267776K, 99% used [0x0000000080000000,0x0000000090528f28,0x0000000090580000)
 Metaspace       used 76035K, committed 77696K, reserved 1179648K
  class space    used 7943K, committed 8640K, reserved 1048576K
}
Event: 2919.452 GC heap before
{Heap before GC invocations=297 (full 3):
 PSYoungGen      total 3584K, used 2336K [0x00000000d5580000, 0x00000000d5a00000, 0x0000000100000000)
  eden space 2048K, 100% used [0x00000000d5580000,0x00000000d5780000,0x00000000d5780000)
  from space 1536K, 18% used [0x00000000d5780000,0x00000000d57c8000,0x00000000d5900000)
  to   space 1024K, 0% used [0x00000000d5900000,0x00000000d5900000,0x00000000d5a00000)
 ParOldGen       total 267776K, used 267427K [0x0000000080000000, 0x0000000090580000, 0x00000000d5580000)
  object space 267776K, 99% used [0x0000000080000000,0x0000000090528f28,0x0000000090580000)
 Metaspace       used 76039K, committed 77696K, reserved 1179648K
  class space    used 7943K, committed 8640K, reserved 1048576K
}
Event: 2919.454 GC heap after
{Heap after GC invocations=297 (full 3):
 PSYoungGen      total 2560K, used 192K [0x00000000d5580000, 0x00000000d5980000, 0x0000000100000000)
  eden space 2048K, 0% used [0x00000000d5580000,0x00000000d5580000,0x00000000d5780000)
  from space 512K, 37% used [0x00000000d5900000,0x00000000d5930000,0x00000000d5980000)
  to   space 512K, 0% used [0x00000000d5880000,0x00000000d5880000,0x00000000d5900000)
 ParOldGen       total 267776K, used 267443K [0x0000000080000000, 0x0000000090580000, 0x00000000d5580000)
  object space 267776K, 99% used [0x0000000080000000,0x000000009052cf28,0x0000000090580000)
 Metaspace       used 76039K, committed 77696K, reserved 1179648K
  class space    used 7943K, committed 8640K, reserved 1048576K
}
Event: 4068.051 GC heap before
{Heap before GC invocations=298 (full 3):
 PSYoungGen      total 2560K, used 2239K [0x00000000d5580000, 0x00000000d5980000, 0x0000000100000000)
  eden space 2048K, 99% used [0x00000000d5580000,0x00000000d577fff8,0x00000000d5780000)
  from space 512K, 37% used [0x00000000d5900000,0x00000000d5930000,0x00000000d5980000)
  to   space 512K, 0% used [0x00000000d5880000,0x00000000d5880000,0x00000000d5900000)
 ParOldGen       total 267776K, used 267443K [0x0000000080000000, 0x0000000090580000, 0x00000000d5580000)
  object space 267776K, 99% used [0x0000000080000000,0x000000009052cf28,0x0000000090580000)
 Metaspace       used 76069K, committed 77696K, reserved 1179648K
  class space    used 7943K, committed 8640K, reserved 1048576K
}
Event: 4068.053 GC heap after
{Heap after GC invocations=298 (full 3):
 PSYoungGen      total 2560K, used 288K [0x00000000d5580000, 0x00000000d5980000, 0x0000000100000000)
  eden space 2048K, 0% used [0x00000000d5580000,0x00000000d5580000,0x00000000d5780000)
  from space 512K, 56% used [0x00000000d5880000,0x00000000d58c8000,0x00000000d5900000)
  to   space 512K, 0% used [0x00000000d5900000,0x00000000d5900000,0x00000000d5980000)
 ParOldGen       total 267776K, used 267515K [0x0000000080000000, 0x0000000090580000, 0x00000000d5580000)
  object space 267776K, 99% used [0x0000000080000000,0x000000009053ef28,0x0000000090580000)
 Metaspace       used 76069K, committed 77696K, reserved 1179648K
  class space    used 7943K, committed 8640K, reserved 1048576K
}
Event: 4087.219 GC heap before
{Heap before GC invocations=299 (full 3):
 PSYoungGen      total 2560K, used 2336K [0x00000000d5580000, 0x00000000d5980000, 0x0000000100000000)
  eden space 2048K, 100% used [0x00000000d5580000,0x00000000d5780000,0x00000000d5780000)
  from space 512K, 56% used [0x00000000d5880000,0x00000000d58c8000,0x00000000d5900000)
  to   space 512K, 0% used [0x00000000d5900000,0x00000000d5900000,0x00000000d5980000)
 ParOldGen       total 267776K, used 267515K [0x0000000080000000, 0x0000000090580000, 0x00000000d5580000)
  object space 267776K, 99% used [0x0000000080000000,0x000000009053ef28,0x0000000090580000)
 Metaspace       used 76070K, committed 77696K, reserved 1179648K
  class space    used 7943K, committed 8640K, reserved 1048576K
}
Event: 4087.220 GC heap after
{Heap after GC invocations=299 (full 3):
 PSYoungGen      total 2560K, used 256K [0x00000000d5580000, 0x00000000d5980000, 0x0000000100000000)
  eden space 2048K, 0% used [0x00000000d5580000,0x00000000d5580000,0x00000000d5780000)
  from space 512K, 50% used [0x00000000d5900000,0x00000000d5940000,0x00000000d5980000)
  to   space 512K, 0% used [0x00000000d5880000,0x00000000d5880000,0x00000000d5900000)
 ParOldGen       total 267776K, used 267579K [0x0000000080000000, 0x0000000090580000, 0x00000000d5580000)
  object space 267776K, 99% used [0x0000000080000000,0x000000009054ef28,0x0000000090580000)
 Metaspace       used 76070K, committed 77696K, reserved 1179648K
  class space    used 7943K, committed 8640K, reserved 1048576K
}

